The system is: Windows - 10.0.19044 - AMD64
Compiling the C compiler identification source file "CMakeCCompilerId.c" succeeded.
Compiler: E:/Visual Studio/Core/VC/Tools/MSVC/14.34.31933/bin/Hostx64/x64/cl.exe 
Build flags: 
Id flags:  

The output was:
0
Оптимизирующий компилятор Microsoft (R) C/C++ версии 19.34.31933 для x64
(C) Корпорация Майкрософт (Microsoft Corporation).  Все права защищены.

CMakeCCompilerId.c
Microsoft (R) Incremental Linker Version 14.34.31933.0
Copyright (C) Microsoft Corporation.  All rights reserved.

/out:CMakeCCompilerId.exe 
CMakeCCompilerId.obj 


Compilation of the C compiler identification source "CMakeCCompilerId.c" produced "CMakeCCompilerId.exe"

Compilation of the C compiler identification source "CMakeCCompilerId.c" produced "CMakeCCompilerId.obj"

The C compiler identification is MSVC, found in "E:/Projects/Visual Studio/PageScraper/build/x64-debug/CMakeFiles/3.24.202208181-MSVC_2/CompilerIdC/CMakeCCompilerId.exe"

Compiling the CXX compiler identification source file "CMakeCXXCompilerId.cpp" succeeded.
Compiler: E:/Visual Studio/Core/VC/Tools/MSVC/14.34.31933/bin/Hostx64/x64/cl.exe 
Build flags: 
Id flags:  

The output was:
0
Оптимизирующий компилятор Microsoft (R) C/C++ версии 19.34.31933 для x64
(C) Корпорация Майкрософт (Microsoft Corporation).  Все права защищены.

CMakeCXXCompilerId.cpp
Microsoft (R) Incremental Linker Version 14.34.31933.0
Copyright (C) Microsoft Corporation.  All rights reserved.

/out:CMakeCXXCompilerId.exe 
CMakeCXXCompilerId.obj 


Compilation of the CXX compiler identification source "CMakeCXXCompilerId.cpp" produced "CMakeCXXCompilerId.exe"

Compilation of the CXX compiler identification source "CMakeCXXCompilerId.cpp" produced "CMakeCXXCompilerId.obj"

The CXX compiler identification is MSVC, found in "E:/Projects/Visual Studio/PageScraper/build/x64-debug/CMakeFiles/3.24.202208181-MSVC_2/CompilerIdCXX/CMakeCXXCompilerId.exe"

Detecting C compiler ABI info compiled with the following output:
Change Dir: E:/Projects/Visual Studio/PageScraper/build/x64-debug/CMakeFiles/CMakeTmp

Run Build Command(s):E:/Visual Studio/Core/Common7/IDE/CommonExtensions/Microsoft/CMake/Ninja/ninja.exe cmTC_eabb5 && [1/2] Building C object CMakeFiles\cmTC_eabb5.dir\CMakeCCompilerABI.c.obj
[2/2] Linking C executable cmTC_eabb5.exe



Detecting CXX compiler ABI info compiled with the following output:
Change Dir: E:/Projects/Visual Studio/PageScraper/build/x64-debug/CMakeFiles/CMakeTmp

Run Build Command(s):E:/Visual Studio/Core/Common7/IDE/CommonExtensions/Microsoft/CMake/Ninja/ninja.exe cmTC_03858 && [1/2] Building CXX object CMakeFiles\cmTC_03858.dir\CMakeCXXCompilerABI.cpp.obj
[2/2] Linking CXX executable cmTC_03858.exe



